[0.506s] DEBUG:colcon:Command line arguments: ['/usr/bin/colcon', 'build']
[0.506s] DEBUG:colcon:Parsed command line arguments: Namespace(log_base=None, log_level=None, verb_name='build', build_base='build', install_base='install', merge_install=False, symlink_install=False, test_result_base=None, continue_on_error=False, executor='parallel', parallel_workers=4, event_handlers=None, ignore_user_meta=False, metas=['./colcon.meta'], base_paths=['.'], packages_ignore=None, packages_ignore_regex=None, paths=None, packages_up_to=None, packages_up_to_regex=None, packages_above=None, packages_above_and_dependencies=None, packages_above_depth=None, packages_select_by_dep=None, packages_skip_by_dep=None, packages_skip_up_to=None, packages_select_build_failed=False, packages_skip_build_finished=False, packages_select_test_failures=False, packages_skip_test_passed=False, packages_select=None, packages_skip=None, packages_select_regex=None, packages_skip_regex=None, packages_start=None, packages_end=None, cmake_args=None, cmake_target=None, cmake_target_skip_unavailable=False, cmake_clean_cache=False, cmake_clean_first=False, cmake_force_configure=False, ament_cmake_args=None, catkin_cmake_args=None, catkin_skip_building_tests=False, mixin_files=None, mixin=None, verb_parser=<colcon_mixin.mixin.mixin_argument.MixinArgumentDecorator object at 0xffffa1bd8d10>, verb_extension=<colcon_core.verb.build.BuildVerb object at 0xffffa1d85820>, main=<bound method BuildVerb.main of <colcon_core.verb.build.BuildVerb object at 0xffffa1d85820>>, mixin_verb=('build',))
[0.697s] Level 1:colcon.colcon_core.package_discovery:discover_packages(colcon_meta) check parameters
[0.699s] INFO:colcon.colcon_metadata.package_discovery.colcon_meta:Using configuration from '/root/.colcon/metadata/default/Gazebo.meta'
[0.701s] INFO:colcon.colcon_metadata.package_discovery.colcon_meta:Using configuration from '/root/.colcon/metadata/default/fastdds.meta'
[0.703s] INFO:colcon.colcon_metadata.package_discovery.colcon_meta:Using configuration from '/root/.colcon/metadata/default/fastrtps.meta'
[0.704s] Level 1:colcon.colcon_core.package_discovery:discover_packages(recursive) check parameters
[0.704s] Level 1:colcon.colcon_core.package_discovery:discover_packages(ignore) check parameters
[0.704s] Level 1:colcon.colcon_core.package_discovery:discover_packages(path) check parameters
[0.704s] Level 1:colcon.colcon_core.package_discovery:discover_packages(colcon_meta) discover
[0.704s] Level 1:colcon.colcon_core.package_discovery:discover_packages(recursive) discover
[0.705s] INFO:colcon.colcon_core.package_discovery:Crawling recursively for packages in '/ros2_ws'
[0.705s] Level 1:colcon.colcon_core.package_identification:_identify(.) by extensions ['ignore', 'ignore_ament_install']
[0.706s] Level 1:colcon.colcon_core.package_identification:_identify(.) by extension 'ignore'
[0.706s] Level 1:colcon.colcon_core.package_identification:_identify(.) by extension 'ignore_ament_install'
[0.706s] Level 1:colcon.colcon_core.package_identification:_identify(.) by extensions ['colcon_pkg']
[0.706s] Level 1:colcon.colcon_core.package_identification:_identify(.) by extension 'colcon_pkg'
[0.707s] Level 1:colcon.colcon_core.package_identification:_identify(.) by extensions ['colcon_meta']
[0.707s] Level 1:colcon.colcon_core.package_identification:_identify(.) by extension 'colcon_meta'
[0.707s] Level 1:colcon.colcon_core.package_identification:_identify(.) by extensions ['ros']
[0.707s] Level 1:colcon.colcon_core.package_identification:_identify(.) by extension 'ros'
[0.831s] Level 1:colcon.colcon_core.package_identification:_identify(.) by extensions ['cmake', 'python']
[0.832s] Level 1:colcon.colcon_core.package_identification:_identify(.) by extension 'cmake'
[0.832s] Level 1:colcon.colcon_core.package_identification:_identify(.) by extension 'python'
[0.833s] Level 1:colcon.colcon_core.package_identification:_identify(.) by extensions ['python_setup_py']
[0.833s] Level 1:colcon.colcon_core.package_identification:_identify(.) by extension 'python_setup_py'
[0.834s] Level 1:colcon.colcon_core.package_identification:_identify(build) by extensions ['ignore', 'ignore_ament_install']
[0.834s] Level 1:colcon.colcon_core.package_identification:_identify(build) by extension 'ignore'
[0.835s] Level 1:colcon.colcon_core.package_identification:_identify(build) ignored
[0.836s] Level 1:colcon.colcon_core.package_identification:_identify(install) by extensions ['ignore', 'ignore_ament_install']
[0.836s] Level 1:colcon.colcon_core.package_identification:_identify(install) by extension 'ignore'
[0.837s] Level 1:colcon.colcon_core.package_identification:_identify(install) ignored
[0.837s] Level 1:colcon.colcon_core.package_identification:_identify(log) by extensions ['ignore', 'ignore_ament_install']
[0.838s] Level 1:colcon.colcon_core.package_identification:_identify(log) by extension 'ignore'
[0.838s] Level 1:colcon.colcon_core.package_identification:_identify(log) ignored
[0.839s] Level 1:colcon.colcon_core.package_identification:_identify(src) by extensions ['ignore', 'ignore_ament_install']
[0.839s] Level 1:colcon.colcon_core.package_identification:_identify(src) by extension 'ignore'
[0.840s] Level 1:colcon.colcon_core.package_identification:_identify(src) by extension 'ignore_ament_install'
[0.840s] Level 1:colcon.colcon_core.package_identification:_identify(src) by extensions ['colcon_pkg']
[0.840s] Level 1:colcon.colcon_core.package_identification:_identify(src) by extension 'colcon_pkg'
[0.840s] Level 1:colcon.colcon_core.package_identification:_identify(src) by extensions ['colcon_meta']
[0.841s] Level 1:colcon.colcon_core.package_identification:_identify(src) by extension 'colcon_meta'
[0.841s] Level 1:colcon.colcon_core.package_identification:_identify(src) by extensions ['ros']
[0.841s] Level 1:colcon.colcon_core.package_identification:_identify(src) by extension 'ros'
[0.842s] Level 1:colcon.colcon_core.package_identification:_identify(src) by extensions ['cmake', 'python']
[0.843s] Level 1:colcon.colcon_core.package_identification:_identify(src) by extension 'cmake'
[0.844s] Level 1:colcon.colcon_core.package_identification:_identify(src) by extension 'python'
[0.844s] Level 1:colcon.colcon_core.package_identification:_identify(src) by extensions ['python_setup_py']
[0.845s] Level 1:colcon.colcon_core.package_identification:_identify(src) by extension 'python_setup_py'
[0.846s] Level 1:colcon.colcon_core.package_identification:_identify(src/aircraft_tracker) by extensions ['ignore', 'ignore_ament_install']
[0.846s] Level 1:colcon.colcon_core.package_identification:_identify(src/aircraft_tracker) by extension 'ignore'
[0.847s] Level 1:colcon.colcon_core.package_identification:_identify(src/aircraft_tracker) by extension 'ignore_ament_install'
[0.847s] Level 1:colcon.colcon_core.package_identification:_identify(src/aircraft_tracker) by extensions ['colcon_pkg']
[0.848s] Level 1:colcon.colcon_core.package_identification:_identify(src/aircraft_tracker) by extension 'colcon_pkg'
[0.848s] Level 1:colcon.colcon_core.package_identification:_identify(src/aircraft_tracker) by extensions ['colcon_meta']
[0.848s] Level 1:colcon.colcon_core.package_identification:_identify(src/aircraft_tracker) by extension 'colcon_meta'
[0.849s] Level 1:colcon.colcon_core.package_identification:_identify(src/aircraft_tracker) by extensions ['ros']
[0.849s] Level 1:colcon.colcon_core.package_identification:_identify(src/aircraft_tracker) by extension 'ros'
[0.860s] DEBUG:colcon.colcon_core.package_identification:Package 'src/aircraft_tracker' with type 'ros.ament_python' and name 'aircraft_tracker'
[0.860s] Level 1:colcon.colcon_core.package_identification:_identify(src/test_package) by extensions ['ignore', 'ignore_ament_install']
[0.861s] Level 1:colcon.colcon_core.package_identification:_identify(src/test_package) by extension 'ignore'
[0.861s] Level 1:colcon.colcon_core.package_identification:_identify(src/test_package) by extension 'ignore_ament_install'
[0.862s] Level 1:colcon.colcon_core.package_identification:_identify(src/test_package) by extensions ['colcon_pkg']
[0.862s] Level 1:colcon.colcon_core.package_identification:_identify(src/test_package) by extension 'colcon_pkg'
[0.862s] Level 1:colcon.colcon_core.package_identification:_identify(src/test_package) by extensions ['colcon_meta']
[0.862s] Level 1:colcon.colcon_core.package_identification:_identify(src/test_package) by extension 'colcon_meta'
[0.862s] Level 1:colcon.colcon_core.package_identification:_identify(src/test_package) by extensions ['ros']
[0.863s] Level 1:colcon.colcon_core.package_identification:_identify(src/test_package) by extension 'ros'
[0.865s] DEBUG:colcon.colcon_core.package_identification:Package 'src/test_package' with type 'ros.ament_python' and name 'test_package'
[0.865s] Level 1:colcon.colcon_core.package_discovery:discover_packages(recursive) using defaults
[0.865s] Level 1:colcon.colcon_core.package_discovery:discover_packages(ignore) discover
[0.865s] Level 1:colcon.colcon_core.package_discovery:discover_packages(ignore) using defaults
[0.866s] Level 1:colcon.colcon_core.package_discovery:discover_packages(path) discover
[0.866s] Level 1:colcon.colcon_core.package_discovery:discover_packages(path) using defaults
[0.943s] Level 5:colcon.colcon_core.verb:set package 'aircraft_tracker' build argument 'cmake_args' from command line to 'None'
[0.944s] Level 5:colcon.colcon_core.verb:set package 'aircraft_tracker' build argument 'cmake_target' from command line to 'None'
[0.944s] Level 5:colcon.colcon_core.verb:set package 'aircraft_tracker' build argument 'cmake_target_skip_unavailable' from command line to 'False'
[0.944s] Level 5:colcon.colcon_core.verb:set package 'aircraft_tracker' build argument 'cmake_clean_cache' from command line to 'False'
[0.944s] Level 5:colcon.colcon_core.verb:set package 'aircraft_tracker' build argument 'cmake_clean_first' from command line to 'False'
[0.944s] Level 5:colcon.colcon_core.verb:set package 'aircraft_tracker' build argument 'cmake_force_configure' from command line to 'False'
[0.945s] Level 5:colcon.colcon_core.verb:set package 'aircraft_tracker' build argument 'ament_cmake_args' from command line to 'None'
[0.945s] Level 5:colcon.colcon_core.verb:set package 'aircraft_tracker' build argument 'catkin_cmake_args' from command line to 'None'
[0.945s] Level 5:colcon.colcon_core.verb:set package 'aircraft_tracker' build argument 'catkin_skip_building_tests' from command line to 'False'
[0.945s] DEBUG:colcon.colcon_core.verb:Building package 'aircraft_tracker' with the following arguments: {'ament_cmake_args': None, 'build_base': '/ros2_ws/build/aircraft_tracker', 'catkin_cmake_args': None, 'catkin_skip_building_tests': False, 'cmake_args': None, 'cmake_clean_cache': False, 'cmake_clean_first': False, 'cmake_force_configure': False, 'cmake_target': None, 'cmake_target_skip_unavailable': False, 'install_base': '/ros2_ws/install/aircraft_tracker', 'merge_install': False, 'path': '/ros2_ws/src/aircraft_tracker', 'symlink_install': False, 'test_result_base': None}
[0.946s] Level 5:colcon.colcon_core.verb:set package 'test_package' build argument 'cmake_args' from command line to 'None'
[0.947s] Level 5:colcon.colcon_core.verb:set package 'test_package' build argument 'cmake_target' from command line to 'None'
[0.947s] Level 5:colcon.colcon_core.verb:set package 'test_package' build argument 'cmake_target_skip_unavailable' from command line to 'False'
[0.947s] Level 5:colcon.colcon_core.verb:set package 'test_package' build argument 'cmake_clean_cache' from command line to 'False'
[0.947s] Level 5:colcon.colcon_core.verb:set package 'test_package' build argument 'cmake_clean_first' from command line to 'False'
[0.947s] Level 5:colcon.colcon_core.verb:set package 'test_package' build argument 'cmake_force_configure' from command line to 'False'
[0.947s] Level 5:colcon.colcon_core.verb:set package 'test_package' build argument 'ament_cmake_args' from command line to 'None'
[0.947s] Level 5:colcon.colcon_core.verb:set package 'test_package' build argument 'catkin_cmake_args' from command line to 'None'
[0.947s] Level 5:colcon.colcon_core.verb:set package 'test_package' build argument 'catkin_skip_building_tests' from command line to 'False'
[0.948s] DEBUG:colcon.colcon_core.verb:Building package 'test_package' with the following arguments: {'ament_cmake_args': None, 'build_base': '/ros2_ws/build/test_package', 'catkin_cmake_args': None, 'catkin_skip_building_tests': False, 'cmake_args': None, 'cmake_clean_cache': False, 'cmake_clean_first': False, 'cmake_force_configure': False, 'cmake_target': None, 'cmake_target_skip_unavailable': False, 'install_base': '/ros2_ws/install/test_package', 'merge_install': False, 'path': '/ros2_ws/src/test_package', 'symlink_install': False, 'test_result_base': None}
[0.948s] INFO:colcon.colcon_core.executor:Executing jobs using 'parallel' executor
[0.951s] DEBUG:colcon.colcon_parallel_executor.executor.parallel:run_until_complete
[0.952s] INFO:colcon.colcon_ros.task.ament_python.build:Building ROS package in '/ros2_ws/src/aircraft_tracker' with build type 'ament_python'
[0.953s] Level 1:colcon.colcon_core.shell:create_environment_hook('aircraft_tracker', 'ament_prefix_path')
[0.964s] INFO:colcon.colcon_core.plugin_system:Skipping extension 'colcon_core.shell.bat': Not used on non-Windows systems
[0.965s] INFO:colcon.colcon_core.shell:Creating environment hook '/ros2_ws/install/aircraft_tracker/share/aircraft_tracker/hook/ament_prefix_path.ps1'
[0.968s] INFO:colcon.colcon_core.shell:Creating environment descriptor '/ros2_ws/install/aircraft_tracker/share/aircraft_tracker/hook/ament_prefix_path.dsv'
[0.970s] INFO:colcon.colcon_core.shell:Creating environment hook '/ros2_ws/install/aircraft_tracker/share/aircraft_tracker/hook/ament_prefix_path.sh'
[0.975s] INFO:colcon.colcon_core.shell:Skip shell extension 'powershell' for command environment: Not usable outside of PowerShell
[0.976s] DEBUG:colcon.colcon_core.shell:Skip shell extension 'dsv' for command environment
[0.995s] INFO:colcon.colcon_ros.task.ament_python.build:Building ROS package in '/ros2_ws/src/test_package' with build type 'ament_python'
[0.996s] Level 1:colcon.colcon_core.shell:create_environment_hook('test_package', 'ament_prefix_path')
[0.998s] INFO:colcon.colcon_core.shell:Creating environment hook '/ros2_ws/install/test_package/share/test_package/hook/ament_prefix_path.ps1'
[1.001s] INFO:colcon.colcon_core.shell:Creating environment descriptor '/ros2_ws/install/test_package/share/test_package/hook/ament_prefix_path.dsv'
[1.004s] INFO:colcon.colcon_core.shell:Creating environment hook '/ros2_ws/install/test_package/share/test_package/hook/ament_prefix_path.sh'
[1.007s] INFO:colcon.colcon_core.shell:Skip shell extension 'powershell' for command environment: Not usable outside of PowerShell
[1.007s] DEBUG:colcon.colcon_core.shell:Skip shell extension 'dsv' for command environment
[1.877s] INFO:colcon.colcon_core.task.python.build:Building Python package in '/ros2_ws/src/aircraft_tracker'
[1.878s] INFO:colcon.colcon_core.shell:Skip shell extension 'powershell' for command environment: Not usable outside of PowerShell
[1.878s] DEBUG:colcon.colcon_core.shell:Skip shell extension 'dsv' for command environment
[2.737s] INFO:colcon.colcon_core.task.python.build:Building Python package in '/ros2_ws/src/test_package'
[2.738s] INFO:colcon.colcon_core.shell:Skip shell extension 'powershell' for command environment: Not usable outside of PowerShell
[2.738s] DEBUG:colcon.colcon_core.shell:Skip shell extension 'dsv' for command environment
[5.262s] DEBUG:colcon.colcon_core.event_handler.log_command:Invoking command in '/ros2_ws/src/aircraft_tracker': PYTHONPATH=/ros2_ws/build/aircraft_tracker/prefix_override:/usr/lib/python3/dist-packages/colcon_core/task/python/colcon_distutils_commands:/ros2_ws/install/aircraft_tracker/lib/python3.12/site-packages:${PYTHONPATH} /usr/bin/python3 -W ignore:setup.py install is deprecated -W ignore:easy_install command is deprecated setup.py egg_info --egg-base ../../build/aircraft_tracker build --build-base /ros2_ws/build/aircraft_tracker/build install --record /ros2_ws/build/aircraft_tracker/install.log --single-version-externally-managed install_data
[5.329s] DEBUG:colcon.colcon_core.event_handler.log_command:Invoking command in '/ros2_ws/src/test_package': PYTHONPATH=/ros2_ws/build/test_package/prefix_override:/usr/lib/python3/dist-packages/colcon_core/task/python/colcon_distutils_commands:/ros2_ws/install/test_package/lib/python3.12/site-packages:${PYTHONPATH} /usr/bin/python3 -W ignore:setup.py install is deprecated -W ignore:easy_install command is deprecated setup.py egg_info --egg-base ../../build/test_package build --build-base /ros2_ws/build/test_package/build install --record /ros2_ws/build/test_package/install.log --single-version-externally-managed install_data
[7.746s] DEBUG:colcon.colcon_core.event_handler.log_command:Invoked command in '/ros2_ws/src/aircraft_tracker' returned '0': PYTHONPATH=/ros2_ws/build/aircraft_tracker/prefix_override:/usr/lib/python3/dist-packages/colcon_core/task/python/colcon_distutils_commands:/ros2_ws/install/aircraft_tracker/lib/python3.12/site-packages:${PYTHONPATH} /usr/bin/python3 -W ignore:setup.py install is deprecated -W ignore:easy_install command is deprecated setup.py egg_info --egg-base ../../build/aircraft_tracker build --build-base /ros2_ws/build/aircraft_tracker/build install --record /ros2_ws/build/aircraft_tracker/install.log --single-version-externally-managed install_data
[7.779s] Level 1:colcon.colcon_core.environment:checking '/ros2_ws/install/aircraft_tracker' for CMake module files
[7.785s] Level 1:colcon.colcon_core.environment:checking '/ros2_ws/install/aircraft_tracker' for CMake config files
[7.795s] Level 1:colcon.colcon_core.environment:checking '/ros2_ws/install/aircraft_tracker/lib'
[7.797s] Level 1:colcon.colcon_core.environment:checking '/ros2_ws/install/aircraft_tracker/bin'
[7.798s] Level 1:colcon.colcon_core.environment:checking '/ros2_ws/install/aircraft_tracker/lib/pkgconfig/aircraft_tracker.pc'
[7.800s] Level 1:colcon.colcon_core.environment:checking '/ros2_ws/install/aircraft_tracker/lib/python3.12/site-packages'
[7.801s] Level 1:colcon.colcon_core.shell:create_environment_hook('aircraft_tracker', 'pythonpath')
[7.802s] INFO:colcon.colcon_core.shell:Creating environment hook '/ros2_ws/install/aircraft_tracker/share/aircraft_tracker/hook/pythonpath.ps1'
[7.808s] INFO:colcon.colcon_core.shell:Creating environment descriptor '/ros2_ws/install/aircraft_tracker/share/aircraft_tracker/hook/pythonpath.dsv'
[7.812s] INFO:colcon.colcon_core.shell:Creating environment hook '/ros2_ws/install/aircraft_tracker/share/aircraft_tracker/hook/pythonpath.sh'
[7.819s] Level 1:colcon.colcon_core.environment:checking '/ros2_ws/install/aircraft_tracker/bin'
[7.820s] Level 1:colcon.colcon_core.environment:create_environment_scripts_only(aircraft_tracker)
[7.821s] INFO:colcon.colcon_core.shell:Creating package script '/ros2_ws/install/aircraft_tracker/share/aircraft_tracker/package.ps1'
[7.828s] INFO:colcon.colcon_core.shell:Creating package descriptor '/ros2_ws/install/aircraft_tracker/share/aircraft_tracker/package.dsv'
[7.832s] INFO:colcon.colcon_core.shell:Creating package script '/ros2_ws/install/aircraft_tracker/share/aircraft_tracker/package.sh'
[7.836s] INFO:colcon.colcon_core.shell:Creating package script '/ros2_ws/install/aircraft_tracker/share/aircraft_tracker/package.bash'
[7.840s] INFO:colcon.colcon_core.shell:Creating package script '/ros2_ws/install/aircraft_tracker/share/aircraft_tracker/package.zsh'
[7.844s] Level 1:colcon.colcon_core.environment:create_file_with_runtime_dependencies(/ros2_ws/install/aircraft_tracker/share/colcon-core/packages/aircraft_tracker)
[7.866s] Level 1:colcon.colcon_core.environment:checking '/ros2_ws/install/test_package' for CMake module files
[7.868s] DEBUG:colcon.colcon_core.event_handler.log_command:Invoked command in '/ros2_ws/src/test_package' returned '0': PYTHONPATH=/ros2_ws/build/test_package/prefix_override:/usr/lib/python3/dist-packages/colcon_core/task/python/colcon_distutils_commands:/ros2_ws/install/test_package/lib/python3.12/site-packages:${PYTHONPATH} /usr/bin/python3 -W ignore:setup.py install is deprecated -W ignore:easy_install command is deprecated setup.py egg_info --egg-base ../../build/test_package build --build-base /ros2_ws/build/test_package/build install --record /ros2_ws/build/test_package/install.log --single-version-externally-managed install_data
[7.870s] Level 1:colcon.colcon_core.environment:checking '/ros2_ws/install/test_package' for CMake config files
[7.873s] Level 1:colcon.colcon_core.environment:checking '/ros2_ws/install/test_package/lib'
[7.873s] Level 1:colcon.colcon_core.environment:checking '/ros2_ws/install/test_package/bin'
[7.874s] Level 1:colcon.colcon_core.environment:checking '/ros2_ws/install/test_package/lib/pkgconfig/test_package.pc'
[7.875s] Level 1:colcon.colcon_core.environment:checking '/ros2_ws/install/test_package/lib/python3.12/site-packages'
[7.875s] Level 1:colcon.colcon_core.shell:create_environment_hook('test_package', 'pythonpath')
[7.876s] INFO:colcon.colcon_core.shell:Creating environment hook '/ros2_ws/install/test_package/share/test_package/hook/pythonpath.ps1'
[7.878s] INFO:colcon.colcon_core.shell:Creating environment descriptor '/ros2_ws/install/test_package/share/test_package/hook/pythonpath.dsv'
[7.880s] INFO:colcon.colcon_core.shell:Creating environment hook '/ros2_ws/install/test_package/share/test_package/hook/pythonpath.sh'
[7.883s] Level 1:colcon.colcon_core.environment:checking '/ros2_ws/install/test_package/bin'
[7.883s] Level 1:colcon.colcon_core.environment:create_environment_scripts_only(test_package)
[7.884s] INFO:colcon.colcon_core.shell:Creating package script '/ros2_ws/install/test_package/share/test_package/package.ps1'
[7.887s] INFO:colcon.colcon_core.shell:Creating package descriptor '/ros2_ws/install/test_package/share/test_package/package.dsv'
[7.889s] INFO:colcon.colcon_core.shell:Creating package script '/ros2_ws/install/test_package/share/test_package/package.sh'
[7.891s] INFO:colcon.colcon_core.shell:Creating package script '/ros2_ws/install/test_package/share/test_package/package.bash'
[7.893s] INFO:colcon.colcon_core.shell:Creating package script '/ros2_ws/install/test_package/share/test_package/package.zsh'
[7.895s] Level 1:colcon.colcon_core.environment:create_file_with_runtime_dependencies(/ros2_ws/install/test_package/share/colcon-core/packages/test_package)
[7.896s] DEBUG:colcon.colcon_parallel_executor.executor.parallel:closing loop
[7.897s] DEBUG:colcon.colcon_parallel_executor.executor.parallel:loop closed
[7.899s] DEBUG:colcon.colcon_parallel_executor.executor.parallel:run_until_complete finished with '0'
[7.900s] DEBUG:colcon.colcon_core.event_reactor:joining thread
[7.928s] INFO:colcon.colcon_core.plugin_system:Skipping extension 'colcon_notification.desktop_notification.notify_send': Could not find 'notify-send'
[7.928s] INFO:colcon.colcon_core.plugin_system:Skipping extension 'colcon_notification.desktop_notification.terminal_notifier': Not used on non-Darwin systems
[7.929s] INFO:colcon.colcon_core.plugin_system:Skipping extension 'colcon_notification.desktop_notification.win32': Not used on non-Windows systems
[7.929s] INFO:colcon.colcon_notification.desktop_notification:Sending desktop notification using 'notify2'
[7.929s] DEBUG:colcon.colcon_notification.desktop_notification.notify2:Failed to initialize notify2: org.freedesktop.DBus.Error.InvalidFileContent: D-Bus library appears to be incorrectly set up: see the manual page for dbus-uuidgen to correct this issue. (Failed to open "/var/lib/dbus/machine-id": No such file or directory; UUID file '/etc/machine-id' should contain a hex string of length 32, not length 0, with no other text)
[7.930s] DEBUG:colcon.colcon_core.event_reactor:joined thread
[7.931s] INFO:colcon.colcon_core.shell:Creating prefix script '/ros2_ws/install/local_setup.ps1'
[7.934s] INFO:colcon.colcon_core.shell:Creating prefix util module '/ros2_ws/install/_local_setup_util_ps1.py'
[7.938s] INFO:colcon.colcon_core.shell:Creating prefix chain script '/ros2_ws/install/setup.ps1'
[7.942s] INFO:colcon.colcon_core.shell:Creating prefix script '/ros2_ws/install/local_setup.sh'
[7.945s] INFO:colcon.colcon_core.shell:Creating prefix util module '/ros2_ws/install/_local_setup_util_sh.py'
[7.948s] INFO:colcon.colcon_core.shell:Creating prefix chain script '/ros2_ws/install/setup.sh'
[7.952s] INFO:colcon.colcon_core.shell:Creating prefix script '/ros2_ws/install/local_setup.bash'
[7.954s] INFO:colcon.colcon_core.shell:Creating prefix chain script '/ros2_ws/install/setup.bash'
[7.959s] INFO:colcon.colcon_core.shell:Creating prefix script '/ros2_ws/install/local_setup.zsh'
[7.962s] INFO:colcon.colcon_core.shell:Creating prefix chain script '/ros2_ws/install/setup.zsh'
