[4.280s] Invoking command in '/ros2_ws/src/aircraft_tracker': PYTHONPATH=/ros2_ws/build/aircraft_tracker/prefix_override:/usr/lib/python3/dist-packages/colcon_core/task/python/colcon_distutils_commands:/ros2_ws/install/aircraft_tracker/lib/python3.12/site-packages:${PYTHONPATH} /usr/bin/python3 -W ignore:setup.py install is deprecated -W ignore:easy_install command is deprecated setup.py egg_info --egg-base ../../build/aircraft_tracker build --build-base /ros2_ws/build/aircraft_tracker/build install --record /ros2_ws/build/aircraft_tracker/install.log --single-version-externally-managed install_data
[5.402s] running egg_info
[5.468s] writing ../../build/aircraft_tracker/aircraft_tracker.egg-info/PKG-INFO
[5.471s] writing dependency_links to ../../build/aircraft_tracker/aircraft_tracker.egg-info/dependency_links.txt
[5.475s] writing entry points to ../../build/aircraft_tracker/aircraft_tracker.egg-info/entry_points.txt
[5.476s] writing requirements to ../../build/aircraft_tracker/aircraft_tracker.egg-info/requires.txt
[5.477s] writing top-level names to ../../build/aircraft_tracker/aircraft_tracker.egg-info/top_level.txt
[5.633s] reading manifest file '../../build/aircraft_tracker/aircraft_tracker.egg-info/SOURCES.txt'
[5.637s] adding license file 'LICENSE'
[5.639s] writing manifest file '../../build/aircraft_tracker/aircraft_tracker.egg-info/SOURCES.txt'
[5.640s] running build
[5.641s] running build_py
[5.642s] running install
[5.675s] running install_lib
[5.798s] running install_data
[5.800s] running install_egg_info
[5.917s] removing '/ros2_ws/install/aircraft_tracker/lib/python3.12/site-packages/aircraft_tracker-0.0.0-py3.12.egg-info' (and everything under it)
[5.923s] Copying ../../build/aircraft_tracker/aircraft_tracker.egg-info to /ros2_ws/install/aircraft_tracker/lib/python3.12/site-packages/aircraft_tracker-0.0.0-py3.12.egg-info
[5.937s] running install_scripts
[6.576s] Installing display_node script to /ros2_ws/install/aircraft_tracker/lib/aircraft_tracker
[6.590s] Installing gps_node script to /ros2_ws/install/aircraft_tracker/lib/aircraft_tracker
[6.601s] Installing sdr_node script to /ros2_ws/install/aircraft_tracker/lib/aircraft_tracker
[6.603s] writing list of installed files to '/ros2_ws/build/aircraft_tracker/install.log'
[6.824s] Invoked command in '/ros2_ws/src/aircraft_tracker' returned '0': PYTHONPATH=/ros2_ws/build/aircraft_tracker/prefix_override:/usr/lib/python3/dist-packages/colcon_core/task/python/colcon_distutils_commands:/ros2_ws/install/aircraft_tracker/lib/python3.12/site-packages:${PYTHONPATH} /usr/bin/python3 -W ignore:setup.py install is deprecated -W ignore:easy_install command is deprecated setup.py egg_info --egg-base ../../build/aircraft_tracker build --build-base /ros2_ws/build/aircraft_tracker/build install --record /ros2_ws/build/aircraft_tracker/install.log --single-version-externally-managed install_data
