[0.000000] (-) TimerEvent: {}
[0.003630] (-) JobUnselected: {'identifier': 'test_package'}
[0.003842] (aircraft_tracker) JobQueued: {'identifier': 'aircraft_tracker', 'dependencies': OrderedDict()}
[0.004001] (aircraft_tracker) JobStarted: {'identifier': 'aircraft_tracker'}
[0.100965] (-) TimerEvent: {}
[0.203940] (-) TimerEvent: {}
[0.304980] (-) TimerEvent: {}
[0.408910] (-) TimerEvent: {}
[0.510357] (-) TimerEvent: {}
[0.612240] (-) TimerEvent: {}
[0.712952] (-) TimerEvent: {}
[0.813645] (-) TimerEvent: {}
[0.917049] (-) TimerEvent: {}
[1.019236] (-) TimerEvent: {}
[1.119885] (-) TimerEvent: {}
[1.220693] (-) TimerEvent: {}
[1.322497] (-) TimerEvent: {}
[1.429179] (-) TimerEvent: {}
[1.535962] (-) TimerEvent: {}
[1.638921] (-) TimerEvent: {}
[1.743833] (-) TimerEvent: {}
[1.847924] (-) TimerEvent: {}
[1.949593] (-) TimerEvent: {}
[2.050310] (-) TimerEvent: {}
[2.151032] (-) TimerEvent: {}
[2.253577] (-) TimerEvent: {}
[2.360935] (-) TimerEvent: {}
[2.465321] (-) TimerEvent: {}
[2.579957] (-) TimerEvent: {}
[2.683261] (-) TimerEvent: {}
[2.783993] (-) TimerEvent: {}
[2.884793] (-) TimerEvent: {}
[2.990663] (-) TimerEvent: {}
[3.091376] (-) TimerEvent: {}
[3.197162] (-) TimerEvent: {}
[3.305964] (-) TimerEvent: {}
[3.416335] (-) TimerEvent: {}
[3.522191] (-) TimerEvent: {}
[3.629714] (-) TimerEvent: {}
[3.730583] (-) TimerEvent: {}
[3.837644] (-) TimerEvent: {}
[3.948661] (-) TimerEvent: {}
[4.055188] (-) TimerEvent: {}
[4.162571] (-) TimerEvent: {}
[4.265977] (-) TimerEvent: {}
[4.371319] (-) TimerEvent: {}
[4.476478] (-) TimerEvent: {}
[4.581149] (-) TimerEvent: {}
[4.683295] (-) TimerEvent: {}
[4.784130] (-) TimerEvent: {}
[4.888605] (-) TimerEvent: {}
[4.989631] (-) TimerEvent: {}
[5.101930] (-) TimerEvent: {}
[5.206948] (-) TimerEvent: {}
[5.309938] (-) TimerEvent: {}
[5.415919] (-) TimerEvent: {}
[5.519927] (-) TimerEvent: {}
[5.628912] (-) TimerEvent: {}
[5.731866] (-) TimerEvent: {}
[5.835959] (-) TimerEvent: {}
[5.941924] (-) TimerEvent: {}
[6.046054] (-) TimerEvent: {}
[6.148926] (-) TimerEvent: {}
[6.251400] (-) TimerEvent: {}
[6.354949] (-) TimerEvent: {}
[6.456398] (-) TimerEvent: {}
[6.567955] (-) TimerEvent: {}
[6.668808] (-) TimerEvent: {}
[6.774110] (-) TimerEvent: {}
[6.877017] (-) TimerEvent: {}
[6.978211] (-) TimerEvent: {}
[7.001025] (aircraft_tracker) Command: {'cmd': ['/usr/bin/python3', '-W', 'ignore:setup.py install is deprecated', '-W', 'ignore:easy_install command is deprecated', 'setup.py', 'egg_info', '--egg-base', '../../build/aircraft_tracker', 'build', '--build-base', '/ros2_ws/build/aircraft_tracker/build', 'install', '--record', '/ros2_ws/build/aircraft_tracker/install.log', '--single-version-externally-managed', 'install_data'], 'cwd': '/ros2_ws/src/aircraft_tracker', 'env': {'HOSTNAME': 'maks-desktop', 'SHLVL': '1', 'LD_LIBRARY_PATH': '/opt/ros/jazzy/lib/aarch64-linux-gnu:/opt/ros/jazzy/lib', 'HOME': '/root', 'OLDPWD': '/ros2_ws', 'ROS_PYTHON_VERSION': '3', 'ROS_DISTRO': 'jazzy', '_': '/usr/bin/colcon', 'ROS_VERSION': '2', 'TERM': 'xterm', 'PATH': '/opt/ros/jazzy/bin:/usr/local/sbin:/usr/local/bin:/usr/sbin:/usr/bin:/sbin:/bin', 'LANG': 'C.UTF-8', 'RMW_IMPLEMENTATION': 'rmw_fastrtps_cpp', 'ROS_DOMAIN_ID': '0', 'AMENT_PREFIX_PATH': '/opt/ros/jazzy', 'ROS_AUTOMATIC_DISCOVERY_RANGE': 'SUBNET', 'PWD': '/ros2_ws/build/aircraft_tracker', 'LC_ALL': 'C.UTF-8', 'PYTHONPATH': '/ros2_ws/build/aircraft_tracker/prefix_override:/usr/lib/python3/dist-packages/colcon_core/task/python/colcon_distutils_commands:/ros2_ws/install/aircraft_tracker/lib/python3.12/site-packages:/opt/ros/jazzy/lib/python3.12/site-packages', 'COLCON': '1'}, 'shell': False}
[7.078506] (-) TimerEvent: {}
[7.179504] (-) TimerEvent: {}
[7.282477] (-) TimerEvent: {}
[7.385619] (-) TimerEvent: {}
[7.489651] (-) TimerEvent: {}
[7.593884] (-) TimerEvent: {}
[7.695228] (-) TimerEvent: {}
[7.797975] (-) TimerEvent: {}
[7.900918] (-) TimerEvent: {}
[8.001709] (-) TimerEvent: {}
[8.106378] (-) TimerEvent: {}
[8.209258] (-) TimerEvent: {}
[8.311416] (-) TimerEvent: {}
[8.413998] (-) TimerEvent: {}
[8.515959] (-) TimerEvent: {}
[8.619184] (-) TimerEvent: {}
[8.683066] (aircraft_tracker) StdoutLine: {'line': b'running egg_info\n'}
[8.721957] (-) TimerEvent: {}
[8.801123] (aircraft_tracker) StdoutLine: {'line': b'writing ../../build/aircraft_tracker/aircraft_tracker.egg-info/PKG-INFO\n'}
[8.804924] (aircraft_tracker) StdoutLine: {'line': b'writing dependency_links to ../../build/aircraft_tracker/aircraft_tracker.egg-info/dependency_links.txt\n'}
[8.807539] (aircraft_tracker) StdoutLine: {'line': b'writing entry points to ../../build/aircraft_tracker/aircraft_tracker.egg-info/entry_points.txt\n'}
[8.812924] (aircraft_tracker) StdoutLine: {'line': b'writing requirements to ../../build/aircraft_tracker/aircraft_tracker.egg-info/requires.txt\n'}
[8.813693] (aircraft_tracker) StdoutLine: {'line': b'writing top-level names to ../../build/aircraft_tracker/aircraft_tracker.egg-info/top_level.txt\n'}
[8.822185] (-) TimerEvent: {}
[8.926308] (-) TimerEvent: {}
[9.030219] (-) TimerEvent: {}
[9.052128] (aircraft_tracker) StdoutLine: {'line': b"reading manifest file '../../build/aircraft_tracker/aircraft_tracker.egg-info/SOURCES.txt'\n"}
[9.058099] (aircraft_tracker) StdoutLine: {'line': b"adding license file 'LICENSE'\n"}
[9.060942] (aircraft_tracker) StdoutLine: {'line': b"writing manifest file '../../build/aircraft_tracker/aircraft_tracker.egg-info/SOURCES.txt'\n"}
[9.065032] (aircraft_tracker) StdoutLine: {'line': b'running build\n'}
[9.066144] (aircraft_tracker) StdoutLine: {'line': b'running build_py\n'}
[9.066865] (aircraft_tracker) StdoutLine: {'line': b'running install\n'}
[9.095620] (aircraft_tracker) StdoutLine: {'line': b'running install_lib\n'}
[9.133061] (-) TimerEvent: {}
[9.222916] (aircraft_tracker) StdoutLine: {'line': b'running install_data\n'}
[9.233283] (-) TimerEvent: {}
[9.268161] (aircraft_tracker) StdoutLine: {'line': b'running install_egg_info\n'}
[9.334905] (-) TimerEvent: {}
[9.404161] (aircraft_tracker) StdoutLine: {'line': b"removing '/ros2_ws/install/aircraft_tracker/lib/python3.12/site-packages/aircraft_tracker-0.0.0-py3.12.egg-info' (and everything under it)\n"}
[9.408160] (aircraft_tracker) StdoutLine: {'line': b'Copying ../../build/aircraft_tracker/aircraft_tracker.egg-info to /ros2_ws/install/aircraft_tracker/lib/python3.12/site-packages/aircraft_tracker-0.0.0-py3.12.egg-info\n'}
[9.418272] (aircraft_tracker) StdoutLine: {'line': b'running install_scripts\n'}
[9.437687] (-) TimerEvent: {}
[9.538511] (-) TimerEvent: {}
[9.639497] (-) TimerEvent: {}
[9.742309] (-) TimerEvent: {}
[9.845172] (-) TimerEvent: {}
[9.948057] (-) TimerEvent: {}
[10.049494] (-) TimerEvent: {}
[10.152448] (-) TimerEvent: {}
[10.238376] (aircraft_tracker) StdoutLine: {'line': b'Installing display_node script to /ros2_ws/install/aircraft_tracker/lib/aircraft_tracker\n'}
[10.243310] (aircraft_tracker) StdoutLine: {'line': b'Installing gps_node script to /ros2_ws/install/aircraft_tracker/lib/aircraft_tracker\n'}
[10.244064] (aircraft_tracker) StdoutLine: {'line': b'Installing sdr_node script to /ros2_ws/install/aircraft_tracker/lib/aircraft_tracker\n'}
[10.245776] (aircraft_tracker) StdoutLine: {'line': b"writing list of installed files to '/ros2_ws/build/aircraft_tracker/install.log'\n"}
[10.254078] (-) TimerEvent: {}
[10.355393] (-) TimerEvent: {}
[10.428148] (aircraft_tracker) CommandEnded: {'returncode': 0}
[10.455693] (-) TimerEvent: {}
[10.526515] (aircraft_tracker) JobEnded: {'identifier': 'aircraft_tracker', 'rc': 0}
[10.536210] (-) EventReactorShutdown: {}
