[3.678s] Invoking command in '/ros2_ws/src/aircraft_tracker': PYTHONPATH=/ros2_ws/build/aircraft_tracker/prefix_override:/usr/lib/python3/dist-packages/colcon_core/task/python/colcon_distutils_commands:/ros2_ws/install/aircraft_tracker/lib/python3.12/site-packages:${PYTHONPATH} /usr/bin/python3 -W ignore:setup.py install is deprecated -W ignore:easy_install command is deprecated setup.py egg_info --egg-base ../../build/aircraft_tracker build --build-base /ros2_ws/build/aircraft_tracker/build install --record /ros2_ws/build/aircraft_tracker/install.log --single-version-externally-managed install_data
[4.712s] running egg_info
[4.776s] writing ../../build/aircraft_tracker/aircraft_tracker.egg-info/PKG-INFO
[4.777s] writing dependency_links to ../../build/aircraft_tracker/aircraft_tracker.egg-info/dependency_links.txt
[4.779s] writing entry points to ../../build/aircraft_tracker/aircraft_tracker.egg-info/entry_points.txt
[4.780s] writing requirements to ../../build/aircraft_tracker/aircraft_tracker.egg-info/requires.txt
[4.781s] writing top-level names to ../../build/aircraft_tracker/aircraft_tracker.egg-info/top_level.txt
[4.918s] reading manifest file '../../build/aircraft_tracker/aircraft_tracker.egg-info/SOURCES.txt'
[4.921s] adding license file 'LICENSE'
[4.924s] writing manifest file '../../build/aircraft_tracker/aircraft_tracker.egg-info/SOURCES.txt'
[4.925s] running build
[4.926s] running build_py
[4.927s] running install
[4.957s] running install_lib
[5.025s] running install_data
[5.027s] running install_egg_info
[5.096s] removing '/ros2_ws/install/aircraft_tracker/lib/python3.12/site-packages/aircraft_tracker-0.0.0-py3.12.egg-info' (and everything under it)
[5.098s] Copying ../../build/aircraft_tracker/aircraft_tracker.egg-info to /ros2_ws/install/aircraft_tracker/lib/python3.12/site-packages/aircraft_tracker-0.0.0-py3.12.egg-info
[5.108s] running install_scripts
[5.608s] Installing display_node script to /ros2_ws/install/aircraft_tracker/lib/aircraft_tracker
[5.609s] Installing gps_node script to /ros2_ws/install/aircraft_tracker/lib/aircraft_tracker
[5.611s] Installing sdr_node script to /ros2_ws/install/aircraft_tracker/lib/aircraft_tracker
[5.613s] writing list of installed files to '/ros2_ws/build/aircraft_tracker/install.log'
[5.757s] Invoked command in '/ros2_ws/src/aircraft_tracker' returned '0': PYTHONPATH=/ros2_ws/build/aircraft_tracker/prefix_override:/usr/lib/python3/dist-packages/colcon_core/task/python/colcon_distutils_commands:/ros2_ws/install/aircraft_tracker/lib/python3.12/site-packages:${PYTHONPATH} /usr/bin/python3 -W ignore:setup.py install is deprecated -W ignore:easy_install command is deprecated setup.py egg_info --egg-base ../../build/aircraft_tracker build --build-base /ros2_ws/build/aircraft_tracker/build install --record /ros2_ws/build/aircraft_tracker/install.log --single-version-externally-managed install_data
