[8.358s] Invoking command in '/ros2_ws/src/aircraft_tracker': PYTHONPATH=/ros2_ws/build/aircraft_tracker/prefix_override:/usr/lib/python3/dist-packages/colcon_core/task/python/colcon_distutils_commands:/ros2_ws/install/aircraft_tracker/lib/python3.12/site-packages:${PYTHONPATH} /usr/bin/python3 -W ignore:setup.py install is deprecated -W ignore:easy_install command is deprecated setup.py egg_info --egg-base ../../build/aircraft_tracker build --build-base /ros2_ws/build/aircraft_tracker/build install --record /ros2_ws/build/aircraft_tracker/install.log --single-version-externally-managed install_data
[10.362s] running egg_info
[10.506s] writing ../../build/aircraft_tracker/aircraft_tracker.egg-info/PKG-INFO
[10.508s] writing dependency_links to ../../build/aircraft_tracker/aircraft_tracker.egg-info/dependency_links.txt
[10.514s] writing entry points to ../../build/aircraft_tracker/aircraft_tracker.egg-info/entry_points.txt
[10.516s] writing requirements to ../../build/aircraft_tracker/aircraft_tracker.egg-info/requires.txt
[10.518s] writing top-level names to ../../build/aircraft_tracker/aircraft_tracker.egg-info/top_level.txt
[10.881s] reading manifest file '../../build/aircraft_tracker/aircraft_tracker.egg-info/SOURCES.txt'
[10.896s] adding license file 'LICENSE'
[10.898s] writing manifest file '../../build/aircraft_tracker/aircraft_tracker.egg-info/SOURCES.txt'
[10.900s] running build
[10.901s] running build_py
[10.903s] running install
[10.970s] running install_lib
[11.142s] running install_data
[11.148s] running install_egg_info
[11.292s] removing '/ros2_ws/install/aircraft_tracker/lib/python3.12/site-packages/aircraft_tracker-0.0.0-py3.12.egg-info' (and everything under it)
[11.300s] Copying ../../build/aircraft_tracker/aircraft_tracker.egg-info to /ros2_ws/install/aircraft_tracker/lib/python3.12/site-packages/aircraft_tracker-0.0.0-py3.12.egg-info
[11.312s] running install_scripts
[12.289s] Installing display_node script to /ros2_ws/install/aircraft_tracker/lib/aircraft_tracker
[12.290s] Installing gps_node script to /ros2_ws/install/aircraft_tracker/lib/aircraft_tracker
[12.291s] Installing sdr_node script to /ros2_ws/install/aircraft_tracker/lib/aircraft_tracker
[12.293s] writing list of installed files to '/ros2_ws/build/aircraft_tracker/install.log'
[12.500s] Invoked command in '/ros2_ws/src/aircraft_tracker' returned '0': PYTHONPATH=/ros2_ws/build/aircraft_tracker/prefix_override:/usr/lib/python3/dist-packages/colcon_core/task/python/colcon_distutils_commands:/ros2_ws/install/aircraft_tracker/lib/python3.12/site-packages:${PYTHONPATH} /usr/bin/python3 -W ignore:setup.py install is deprecated -W ignore:easy_install command is deprecated setup.py egg_info --egg-base ../../build/aircraft_tracker build --build-base /ros2_ws/build/aircraft_tracker/build install --record /ros2_ws/build/aircraft_tracker/install.log --single-version-externally-managed install_data
