/ros2_ws/install/aircraft_tracker/lib/python3.12/site-packages/aircraft_tracker/gps_node.py
/ros2_ws/install/aircraft_tracker/lib/python3.12/site-packages/aircraft_tracker/sdr_node.py
/ros2_ws/install/aircraft_tracker/lib/python3.12/site-packages/aircraft_tracker/__init__.py
/ros2_ws/install/aircraft_tracker/lib/python3.12/site-packages/aircraft_tracker/display_node.py
/ros2_ws/install/aircraft_tracker/lib/python3.12/site-packages/aircraft_tracker/__pycache__/gps_node.cpython-312.pyc
/ros2_ws/install/aircraft_tracker/lib/python3.12/site-packages/aircraft_tracker/__pycache__/sdr_node.cpython-312.pyc
/ros2_ws/install/aircraft_tracker/lib/python3.12/site-packages/aircraft_tracker/__pycache__/__init__.cpython-312.pyc
/ros2_ws/install/aircraft_tracker/lib/python3.12/site-packages/aircraft_tracker/__pycache__/display_node.cpython-312.pyc
/ros2_ws/install/aircraft_tracker/share/ament_index/resource_index/packages/aircraft_tracker
/ros2_ws/install/aircraft_tracker/share/aircraft_tracker/package.xml
/ros2_ws/install/aircraft_tracker/lib/python3.12/site-packages/aircraft_tracker-0.0.0-py3.12.egg-info/requires.txt
/ros2_ws/install/aircraft_tracker/lib/python3.12/site-packages/aircraft_tracker-0.0.0-py3.12.egg-info/top_level.txt
/ros2_ws/install/aircraft_tracker/lib/python3.12/site-packages/aircraft_tracker-0.0.0-py3.12.egg-info/zip-safe
/ros2_ws/install/aircraft_tracker/lib/python3.12/site-packages/aircraft_tracker-0.0.0-py3.12.egg-info/PKG-INFO
/ros2_ws/install/aircraft_tracker/lib/python3.12/site-packages/aircraft_tracker-0.0.0-py3.12.egg-info/SOURCES.txt
/ros2_ws/install/aircraft_tracker/lib/python3.12/site-packages/aircraft_tracker-0.0.0-py3.12.egg-info/dependency_links.txt
/ros2_ws/install/aircraft_tracker/lib/python3.12/site-packages/aircraft_tracker-0.0.0-py3.12.egg-info/entry_points.txt
/ros2_ws/install/aircraft_tracker/lib/aircraft_tracker/display_node
/ros2_ws/install/aircraft_tracker/lib/aircraft_tracker/gps_node
/ros2_ws/install/aircraft_tracker/lib/aircraft_tracker/sdr_node
