[4.360s] Invoking command in '/ros2_ws/src/aircraft_tracker': PYTHONPATH=/ros2_ws/build/aircraft_tracker/prefix_override:/usr/lib/python3/dist-packages/colcon_core/task/python/colcon_distutils_commands:/ros2_ws/install/aircraft_tracker/lib/python3.12/site-packages:${PYTHONPATH} /usr/bin/python3 -W ignore:setup.py install is deprecated -W ignore:easy_install command is deprecated setup.py egg_info --egg-base ../../build/aircraft_tracker build --build-base /ros2_ws/build/aircraft_tracker/build install --record /ros2_ws/build/aircraft_tracker/install.log --single-version-externally-managed install_data
[5.555s] running egg_info
[5.625s] writing ../../build/aircraft_tracker/aircraft_tracker.egg-info/PKG-INFO
[5.628s] writing dependency_links to ../../build/aircraft_tracker/aircraft_tracker.egg-info/dependency_links.txt
[5.629s] writing entry points to ../../build/aircraft_tracker/aircraft_tracker.egg-info/entry_points.txt
[5.630s] writing requirements to ../../build/aircraft_tracker/aircraft_tracker.egg-info/requires.txt
[5.633s] writing top-level names to ../../build/aircraft_tracker/aircraft_tracker.egg-info/top_level.txt
[5.773s] reading manifest file '../../build/aircraft_tracker/aircraft_tracker.egg-info/SOURCES.txt'
[5.777s] adding license file 'LICENSE'
[5.780s] writing manifest file '../../build/aircraft_tracker/aircraft_tracker.egg-info/SOURCES.txt'
[5.784s] running build
[5.785s] running build_py
[5.786s] copying aircraft_tracker/display_node.py -> /ros2_ws/build/aircraft_tracker/build/lib/aircraft_tracker
[5.788s] running install
[5.816s] running install_lib
[5.917s] copying /ros2_ws/build/aircraft_tracker/build/lib/aircraft_tracker/display_node.py -> /ros2_ws/install/aircraft_tracker/lib/python3.12/site-packages/aircraft_tracker
[5.921s] byte-compiling /ros2_ws/install/aircraft_tracker/lib/python3.12/site-packages/aircraft_tracker/display_node.py to display_node.cpython-312.pyc
[5.934s] running install_data
[5.935s] running install_egg_info
[6.054s] removing '/ros2_ws/install/aircraft_tracker/lib/python3.12/site-packages/aircraft_tracker-0.0.0-py3.12.egg-info' (and everything under it)
[6.055s] Copying ../../build/aircraft_tracker/aircraft_tracker.egg-info to /ros2_ws/install/aircraft_tracker/lib/python3.12/site-packages/aircraft_tracker-0.0.0-py3.12.egg-info
[6.065s] running install_scripts
[6.848s] Installing display_node script to /ros2_ws/install/aircraft_tracker/lib/aircraft_tracker
[6.850s] Installing gps_node script to /ros2_ws/install/aircraft_tracker/lib/aircraft_tracker
[6.852s] Installing sdr_node script to /ros2_ws/install/aircraft_tracker/lib/aircraft_tracker
[6.862s] writing list of installed files to '/ros2_ws/build/aircraft_tracker/install.log'
[7.023s] Invoked command in '/ros2_ws/src/aircraft_tracker' returned '0': PYTHONPATH=/ros2_ws/build/aircraft_tracker/prefix_override:/usr/lib/python3/dist-packages/colcon_core/task/python/colcon_distutils_commands:/ros2_ws/install/aircraft_tracker/lib/python3.12/site-packages:${PYTHONPATH} /usr/bin/python3 -W ignore:setup.py install is deprecated -W ignore:easy_install command is deprecated setup.py egg_info --egg-base ../../build/aircraft_tracker build --build-base /ros2_ws/build/aircraft_tracker/build install --record /ros2_ws/build/aircraft_tracker/install.log --single-version-externally-managed install_data
