[0.000000] (-) TimerEvent: {}
[0.001247] (-) JobUnselected: {'identifier': 'test_package'}
[0.002310] (aircraft_tracker) JobQueued: {'identifier': 'aircraft_tracker', 'dependencies': OrderedDict()}
[0.002875] (aircraft_tracker) JobStarted: {'identifier': 'aircraft_tracker'}
[0.099286] (-) TimerEvent: {}
[0.200007] (-) TimerEvent: {}
[0.300675] (-) TimerEvent: {}
[0.401487] (-) TimerEvent: {}
[0.502238] (-) TimerEvent: {}
[0.602891] (-) TimerEvent: {}
[0.703545] (-) TimerEvent: {}
[0.804297] (-) TimerEvent: {}
[0.905343] (-) TimerEvent: {}
[1.006072] (-) TimerEvent: {}
[1.106711] (-) TimerEvent: {}
[1.207481] (-) TimerEvent: {}
[1.308226] (-) TimerEvent: {}
[1.409045] (-) TimerEvent: {}
[1.509723] (-) TimerEvent: {}
[1.610379] (-) TimerEvent: {}
[1.711022] (-) TimerEvent: {}
[1.811936] (-) TimerEvent: {}
[1.912619] (-) TimerEvent: {}
[2.013244] (-) TimerEvent: {}
[2.113836] (-) TimerEvent: {}
[2.214668] (-) TimerEvent: {}
[2.315302] (-) TimerEvent: {}
[2.416027] (-) TimerEvent: {}
[2.516695] (-) TimerEvent: {}
[2.617377] (-) TimerEvent: {}
[2.717996] (-) TimerEvent: {}
[2.818581] (-) TimerEvent: {}
[2.919335] (-) TimerEvent: {}
[3.020441] (-) TimerEvent: {}
[3.071055] (aircraft_tracker) Command: {'cmd': ['/usr/bin/python3', '-W', 'ignore:setup.py install is deprecated', '-W', 'ignore:easy_install command is deprecated', 'setup.py', 'egg_info', '--egg-base', '../../build/aircraft_tracker', 'build', '--build-base', '/ros2_ws/build/aircraft_tracker/build', 'install', '--record', '/ros2_ws/build/aircraft_tracker/install.log', '--single-version-externally-managed', 'install_data'], 'cwd': '/ros2_ws/src/aircraft_tracker', 'env': {'HOSTNAME': 'f504da0d7fd7', 'SHLVL': '1', 'LD_LIBRARY_PATH': '/opt/ros/jazzy/lib/aarch64-linux-gnu:/opt/ros/jazzy/lib', 'HOME': '/root', 'OLDPWD': '/ros2_ws', 'ROS_PYTHON_VERSION': '3', 'ROS_DISTRO': 'jazzy', '_': '/usr/bin/colcon', 'ROS_VERSION': '2', 'TERM': 'xterm', 'PATH': '/opt/ros/jazzy/bin:/usr/local/sbin:/usr/local/bin:/usr/sbin:/usr/bin:/sbin:/bin', 'LANG': 'C.UTF-8', 'AMENT_PREFIX_PATH': '/opt/ros/jazzy', 'ROS_AUTOMATIC_DISCOVERY_RANGE': 'SUBNET', 'PWD': '/ros2_ws/build/aircraft_tracker', 'LC_ALL': 'C.UTF-8', 'PYTHONPATH': '/ros2_ws/build/aircraft_tracker/prefix_override:/usr/lib/python3/dist-packages/colcon_core/task/python/colcon_distutils_commands:/ros2_ws/install/aircraft_tracker/lib/python3.12/site-packages:/opt/ros/jazzy/lib/python3.12/site-packages', 'COLCON': '1'}, 'shell': False}
[3.120582] (-) TimerEvent: {}
[3.221313] (-) TimerEvent: {}
[3.322019] (-) TimerEvent: {}
[3.422649] (-) TimerEvent: {}
[3.523371] (-) TimerEvent: {}
[3.624121] (-) TimerEvent: {}
[3.724734] (-) TimerEvent: {}
[3.825387] (-) TimerEvent: {}
[3.926019] (-) TimerEvent: {}
[4.026604] (-) TimerEvent: {}
[4.065080] (aircraft_tracker) StdoutLine: {'line': b'running egg_info\n'}
[4.123703] (aircraft_tracker) StdoutLine: {'line': b'writing ../../build/aircraft_tracker/aircraft_tracker.egg-info/PKG-INFO\n'}
[4.125046] (aircraft_tracker) StdoutLine: {'line': b'writing dependency_links to ../../build/aircraft_tracker/aircraft_tracker.egg-info/dependency_links.txt\n'}
[4.126751] (-) TimerEvent: {}
[4.127312] (aircraft_tracker) StdoutLine: {'line': b'writing entry points to ../../build/aircraft_tracker/aircraft_tracker.egg-info/entry_points.txt\n'}
[4.128331] (aircraft_tracker) StdoutLine: {'line': b'writing requirements to ../../build/aircraft_tracker/aircraft_tracker.egg-info/requires.txt\n'}
[4.129625] (aircraft_tracker) StdoutLine: {'line': b'writing top-level names to ../../build/aircraft_tracker/aircraft_tracker.egg-info/top_level.txt\n'}
[4.226920] (-) TimerEvent: {}
[4.254181] (aircraft_tracker) StdoutLine: {'line': b"reading manifest file '../../build/aircraft_tracker/aircraft_tracker.egg-info/SOURCES.txt'\n"}
[4.256078] (aircraft_tracker) StdoutLine: {'line': b"adding license file 'LICENSE'\n"}
[4.258356] (aircraft_tracker) StdoutLine: {'line': b"writing manifest file '../../build/aircraft_tracker/aircraft_tracker.egg-info/SOURCES.txt'\n"}
[4.259136] (aircraft_tracker) StdoutLine: {'line': b'running build\n'}
[4.259763] (aircraft_tracker) StdoutLine: {'line': b'running build_py\n'}
[4.261554] (aircraft_tracker) StdoutLine: {'line': b'running install\n'}
[4.285043] (aircraft_tracker) StdoutLine: {'line': b'running install_lib\n'}
[4.327079] (-) TimerEvent: {}
[4.351127] (aircraft_tracker) StdoutLine: {'line': b'running install_data\n'}
[4.351932] (aircraft_tracker) StdoutLine: {'line': b'running install_egg_info\n'}
[4.416144] (aircraft_tracker) StdoutLine: {'line': b"removing '/ros2_ws/install/aircraft_tracker/lib/python3.12/site-packages/aircraft_tracker-0.0.0-py3.12.egg-info' (and everything under it)\n"}
[4.418279] (aircraft_tracker) StdoutLine: {'line': b'Copying ../../build/aircraft_tracker/aircraft_tracker.egg-info to /ros2_ws/install/aircraft_tracker/lib/python3.12/site-packages/aircraft_tracker-0.0.0-py3.12.egg-info\n'}
[4.424828] (aircraft_tracker) StdoutLine: {'line': b'running install_scripts\n'}
[4.427211] (-) TimerEvent: {}
[4.527773] (-) TimerEvent: {}
[4.628697] (-) TimerEvent: {}
[4.729321] (-) TimerEvent: {}
[4.830030] (-) TimerEvent: {}
[4.930707] (-) TimerEvent: {}
[4.965286] (aircraft_tracker) StdoutLine: {'line': b'Installing display_node script to /ros2_ws/install/aircraft_tracker/lib/aircraft_tracker\n'}
[4.966522] (aircraft_tracker) StdoutLine: {'line': b'Installing gps_node script to /ros2_ws/install/aircraft_tracker/lib/aircraft_tracker\n'}
[4.968208] (aircraft_tracker) StdoutLine: {'line': b'Installing sdr_node script to /ros2_ws/install/aircraft_tracker/lib/aircraft_tracker\n'}
[4.970027] (aircraft_tracker) StdoutLine: {'line': b"writing list of installed files to '/ros2_ws/build/aircraft_tracker/install.log'\n"}
[5.030961] (-) TimerEvent: {}
[5.112740] (aircraft_tracker) CommandEnded: {'returncode': 0}
[5.131389] (-) TimerEvent: {}
[5.166040] (aircraft_tracker) JobEnded: {'identifier': 'aircraft_tracker', 'rc': 0}
[5.169668] (-) EventReactorShutdown: {}
