[3.078s] Invoking command in '/ros2_ws/src/aircraft_tracker': PYTHONPATH=/ros2_ws/build/aircraft_tracker/prefix_override:/usr/lib/python3/dist-packages/colcon_core/task/python/colcon_distutils_commands:/ros2_ws/install/aircraft_tracker/lib/python3.12/site-packages:${PYTHONPATH} /usr/bin/python3 -W ignore:setup.py install is deprecated -W ignore:easy_install command is deprecated setup.py egg_info --egg-base ../../build/aircraft_tracker build --build-base /ros2_ws/build/aircraft_tracker/build install --record /ros2_ws/build/aircraft_tracker/install.log --single-version-externally-managed install_data
[4.063s] running egg_info
[4.121s] writing ../../build/aircraft_tracker/aircraft_tracker.egg-info/PKG-INFO
[4.123s] writing dependency_links to ../../build/aircraft_tracker/aircraft_tracker.egg-info/dependency_links.txt
[4.125s] writing entry points to ../../build/aircraft_tracker/aircraft_tracker.egg-info/entry_points.txt
[4.126s] writing requirements to ../../build/aircraft_tracker/aircraft_tracker.egg-info/requires.txt
[4.127s] writing top-level names to ../../build/aircraft_tracker/aircraft_tracker.egg-info/top_level.txt
[4.252s] reading manifest file '../../build/aircraft_tracker/aircraft_tracker.egg-info/SOURCES.txt'
[4.254s] adding license file 'LICENSE'
[4.256s] writing manifest file '../../build/aircraft_tracker/aircraft_tracker.egg-info/SOURCES.txt'
[4.257s] running build
[4.257s] running build_py
[4.259s] running install
[4.283s] running install_lib
[4.349s] running install_data
[4.349s] running install_egg_info
[4.414s] removing '/ros2_ws/install/aircraft_tracker/lib/python3.12/site-packages/aircraft_tracker-0.0.0-py3.12.egg-info' (and everything under it)
[4.416s] Copying ../../build/aircraft_tracker/aircraft_tracker.egg-info to /ros2_ws/install/aircraft_tracker/lib/python3.12/site-packages/aircraft_tracker-0.0.0-py3.12.egg-info
[4.422s] running install_scripts
[4.963s] Installing display_node script to /ros2_ws/install/aircraft_tracker/lib/aircraft_tracker
[4.964s] Installing gps_node script to /ros2_ws/install/aircraft_tracker/lib/aircraft_tracker
[4.966s] Installing sdr_node script to /ros2_ws/install/aircraft_tracker/lib/aircraft_tracker
[4.968s] writing list of installed files to '/ros2_ws/build/aircraft_tracker/install.log'
[5.110s] Invoked command in '/ros2_ws/src/aircraft_tracker' returned '0': PYTHONPATH=/ros2_ws/build/aircraft_tracker/prefix_override:/usr/lib/python3/dist-packages/colcon_core/task/python/colcon_distutils_commands:/ros2_ws/install/aircraft_tracker/lib/python3.12/site-packages:${PYTHONPATH} /usr/bin/python3 -W ignore:setup.py install is deprecated -W ignore:easy_install command is deprecated setup.py egg_info --egg-base ../../build/aircraft_tracker build --build-base /ros2_ws/build/aircraft_tracker/build install --record /ros2_ws/build/aircraft_tracker/install.log --single-version-externally-managed install_data
