[4.308s] Invoking command in '/ros2_ws/src/aircraft_tracker': PYTHONPATH=/ros2_ws/build/aircraft_tracker/prefix_override:/usr/lib/python3/dist-packages/colcon_core/task/python/colcon_distutils_commands:/ros2_ws/install/aircraft_tracker/lib/python3.12/site-packages:${PYTHONPATH} /usr/bin/python3 -W ignore:setup.py install is deprecated -W ignore:easy_install command is deprecated setup.py egg_info --egg-base ../../build/aircraft_tracker build --build-base /ros2_ws/build/aircraft_tracker/build install --record /ros2_ws/build/aircraft_tracker/install.log --single-version-externally-managed install_data
[5.465s] running egg_info
[5.537s] writing ../../build/aircraft_tracker/aircraft_tracker.egg-info/PKG-INFO
[5.539s] writing dependency_links to ../../build/aircraft_tracker/aircraft_tracker.egg-info/dependency_links.txt
[5.541s] writing entry points to ../../build/aircraft_tracker/aircraft_tracker.egg-info/entry_points.txt
[5.543s] writing requirements to ../../build/aircraft_tracker/aircraft_tracker.egg-info/requires.txt
[5.544s] writing top-level names to ../../build/aircraft_tracker/aircraft_tracker.egg-info/top_level.txt
[5.693s] reading manifest file '../../build/aircraft_tracker/aircraft_tracker.egg-info/SOURCES.txt'
[5.694s] adding license file 'LICENSE'
[5.696s] writing manifest file '../../build/aircraft_tracker/aircraft_tracker.egg-info/SOURCES.txt'
[5.698s] running build
[5.700s] running build_py
[5.701s] copying aircraft_tracker/sdr_node.py -> /ros2_ws/build/aircraft_tracker/build/lib/aircraft_tracker
[5.702s] running install
[5.727s] running install_lib
[5.801s] copying /ros2_ws/build/aircraft_tracker/build/lib/aircraft_tracker/sdr_node.py -> /ros2_ws/install/aircraft_tracker/lib/python3.12/site-packages/aircraft_tracker
[5.804s] byte-compiling /ros2_ws/install/aircraft_tracker/lib/python3.12/site-packages/aircraft_tracker/sdr_node.py to sdr_node.cpython-312.pyc
[5.811s] running install_data
[5.811s] running install_egg_info
[5.888s] removing '/ros2_ws/install/aircraft_tracker/lib/python3.12/site-packages/aircraft_tracker-0.0.0-py3.12.egg-info' (and everything under it)
[5.890s] Copying ../../build/aircraft_tracker/aircraft_tracker.egg-info to /ros2_ws/install/aircraft_tracker/lib/python3.12/site-packages/aircraft_tracker-0.0.0-py3.12.egg-info
[5.896s] running install_scripts
[6.578s] Installing gps_node script to /ros2_ws/install/aircraft_tracker/lib/aircraft_tracker
[6.581s] Installing sdr_node script to /ros2_ws/install/aircraft_tracker/lib/aircraft_tracker
[6.584s] writing list of installed files to '/ros2_ws/build/aircraft_tracker/install.log'
[6.792s] Invoked command in '/ros2_ws/src/aircraft_tracker' returned '0': PYTHONPATH=/ros2_ws/build/aircraft_tracker/prefix_override:/usr/lib/python3/dist-packages/colcon_core/task/python/colcon_distutils_commands:/ros2_ws/install/aircraft_tracker/lib/python3.12/site-packages:${PYTHONPATH} /usr/bin/python3 -W ignore:setup.py install is deprecated -W ignore:easy_install command is deprecated setup.py egg_info --egg-base ../../build/aircraft_tracker build --build-base /ros2_ws/build/aircraft_tracker/build install --record /ros2_ws/build/aircraft_tracker/install.log --single-version-externally-managed install_data
