[7.001s] Invoking command in '/ros2_ws/src/aircraft_tracker': PYTHONPATH=/ros2_ws/build/aircraft_tracker/prefix_override:/usr/lib/python3/dist-packages/colcon_core/task/python/colcon_distutils_commands:/ros2_ws/install/aircraft_tracker/lib/python3.12/site-packages:${PYTHONPATH} /usr/bin/python3 -W ignore:setup.py install is deprecated -W ignore:easy_install command is deprecated setup.py egg_info --egg-base ../../build/aircraft_tracker build --build-base /ros2_ws/build/aircraft_tracker/build install --record /ros2_ws/build/aircraft_tracker/install.log --single-version-externally-managed install_data
[8.680s] running egg_info
[8.798s] writing ../../build/aircraft_tracker/aircraft_tracker.egg-info/PKG-INFO
[8.801s] writing dependency_links to ../../build/aircraft_tracker/aircraft_tracker.egg-info/dependency_links.txt
[8.804s] writing entry points to ../../build/aircraft_tracker/aircraft_tracker.egg-info/entry_points.txt
[8.809s] writing requirements to ../../build/aircraft_tracker/aircraft_tracker.egg-info/requires.txt
[8.810s] writing top-level names to ../../build/aircraft_tracker/aircraft_tracker.egg-info/top_level.txt
[9.049s] reading manifest file '../../build/aircraft_tracker/aircraft_tracker.egg-info/SOURCES.txt'
[9.055s] adding license file 'LICENSE'
[9.058s] writing manifest file '../../build/aircraft_tracker/aircraft_tracker.egg-info/SOURCES.txt'
[9.062s] running build
[9.063s] running build_py
[9.063s] running install
[9.092s] running install_lib
[9.220s] running install_data
[9.265s] running install_egg_info
[9.401s] removing '/ros2_ws/install/aircraft_tracker/lib/python3.12/site-packages/aircraft_tracker-0.0.0-py3.12.egg-info' (and everything under it)
[9.405s] Copying ../../build/aircraft_tracker/aircraft_tracker.egg-info to /ros2_ws/install/aircraft_tracker/lib/python3.12/site-packages/aircraft_tracker-0.0.0-py3.12.egg-info
[9.415s] running install_scripts
[10.235s] Installing display_node script to /ros2_ws/install/aircraft_tracker/lib/aircraft_tracker
[10.240s] Installing gps_node script to /ros2_ws/install/aircraft_tracker/lib/aircraft_tracker
[10.240s] Installing sdr_node script to /ros2_ws/install/aircraft_tracker/lib/aircraft_tracker
[10.242s] writing list of installed files to '/ros2_ws/build/aircraft_tracker/install.log'
[10.425s] Invoked command in '/ros2_ws/src/aircraft_tracker' returned '0': PYTHONPATH=/ros2_ws/build/aircraft_tracker/prefix_override:/usr/lib/python3/dist-packages/colcon_core/task/python/colcon_distutils_commands:/ros2_ws/install/aircraft_tracker/lib/python3.12/site-packages:${PYTHONPATH} /usr/bin/python3 -W ignore:setup.py install is deprecated -W ignore:easy_install command is deprecated setup.py egg_info --egg-base ../../build/aircraft_tracker build --build-base /ros2_ws/build/aircraft_tracker/build install --record /ros2_ws/build/aircraft_tracker/install.log --single-version-externally-managed install_data
